<?xml version="1.0" encoding="UTF-8"?><testsuite errors="0" failures="0" name="co.gorest.Usersinfo.UsersCURDTestWithSteps" skipped="0" tests="4" time="7.82" timestamp="2022-06-18T21:36:35.659+01:00[Europe/London]"><testcase classname="co.gorest.Usersinfo.UsersCURDTestWithSteps" name="This will create a new user"/><testcase classname="co.gorest.Usersinfo.UsersCURDTestWithSteps" name="Verify if the user was added to the application"/><testcase classname="co.gorest.Usersinfo.UsersCURDTestWithSteps" name="Update the user information and verify the updated information"/><testcase classname="co.gorest.Usersinfo.UsersCURDTestWithSteps" name="Delete the user and verify if the user is deleted"/></testsuite>